#
# There is insufficient memory for the Java Runtime Environment to continue.
# Native memory allocation (mmap) failed to map 262144000 bytes. Error detail: G1 virtual space
# Possible reasons:
#   The system is out of physical RAM or swap space
#   This process is running with CompressedOops enabled, and the Java Heap may be blocking the growth of the native heap
# Possible solutions:
#   Reduce memory load on the system
#   Increase physical memory or swap space
#   Check if swap backing store is full
#   Decrease Java heap size (-Xmx/-Xms)
#   Decrease number of Java threads
#   Decrease Java thread stack sizes (-Xss)
#   Set larger code cache with -XX:ReservedCodeCacheSize=
#   JVM is running with Zero Based Compressed Oops mode in which the Java heap is
#     placed in the first 32GB address space. The Java Heap base address is the
#     maximum limit for the native heap growth. Please use -XX:HeapBaseMinAddress
#     to set the Java Heap base and to place the Java Heap above 32GB virtual address.
# This output file may be truncated or incomplete.
#
#  Out of Memory Error (os_windows.cpp:3554), pid=15152, tid=11572
#
# JRE version:  (25.0+36) (build )
# Java VM: OpenJDK 64-Bit Server VM (25+36-3489, mixed mode, sharing, tiered, compressed oops, compressed class ptrs, g1 gc, windows-amd64)
# No core dump will be written. Minidumps are not enabled by default on client versions of Windows
#

---------------  S U M M A R Y ------------

Command Line: -javaagent:D:\Program Files\JetBrains\IntelliJ IDEA Community Edition 2025.2.4\lib\idea_rt.jar=50924 -Dfile.encoding=UTF-8 -Dsun.stdout.encoding=UTF-8 -Dsun.stderr.encoding=UTF-8 com.salo.sistemacreche.Launcher

Host: AMD Ryzen 5 5600G with Radeon Graphics         , 12 cores, 15G,  Windows 11 , 64 bit Build 26100 (10.0.26100.7019)
Time: Tue Nov 11 16:39:29 2025 Hora oficial do Brasil elapsed time: 1.042203 seconds (0d 0h 0m 1s)

---------------  T H R E A D  ---------------

Current thread (0x000001716ad0f6c0):  JavaThread "Unknown thread" [_thread_in_vm, id=11572, stack(0x0000004afcb00000,0x0000004afcc00000) (1024K)]

Stack: [0x0000004afcb00000,0x0000004afcc00000]
Native frames: (J=compiled Java code, j=interpreted, Vv=VM code, C=native code)
V  [jvm.dll+0x7a6a39]  (no source info available)
V  [jvm.dll+0x7727ed]  (no source info available)
V  [jvm.dll+0x965f33]  (no source info available)
V  [jvm.dll+0x968531]  (no source info available)
V  [jvm.dll+0x968c33]  (no source info available)
V  [jvm.dll+0x2fc756]  (no source info available)
V  [jvm.dll+0x7a2c65]  (no source info available)
V  [jvm.dll+0x796077]  (no source info available)
V  [jvm.dll+0x3f4698]  (no source info available)
V  [jvm.dll+0x3fc5b6]  (no source info available)
V  [jvm.dll+0x3e8c8e]  (no source info available)
V  [jvm.dll+0x3e8f48]  (no source info available)
V  [jvm.dll+0x3c0045]  (no source info available)
V  [jvm.dll+0x3c0cce]  (no source info available)
V  [jvm.dll+0x92c647]  (no source info available)
V  [jvm.dll+0x458b62]  (no source info available)
V  [jvm.dll+0x90fff2]  (no source info available)
V  [jvm.dll+0x4f9001]  (no source info available)
V  [jvm.dll+0x4fa891]  (no source info available)
C  [jli.dll+0x543e]  (no source info available)
C  [ucrtbase.dll+0x37b0]  (no source info available)
C  [KERNEL32.DLL+0x2e8d7]  (no source info available)
C  [ntdll.dll+0x8c53c]  (no source info available)

Lock stack of current Java thread (top to bottom):


---------------  P R O C E S S  ---------------

Threads class SMR info:
_java_thread_list=0x00007ff809925308, length=0, elements={
}

Java Threads: ( => current thread )
Total: 0

Other Threads:
  0x000001716ad790a0 WorkerThread "GC Thread#0"                     [id=6404, stack(0x0000004afcc00000,0x0000004afcd00000) (1024K)]
  0x000001716ad91730 ConcurrentGCThread "G1 Main Marker"            [id=18100, stack(0x0000004afcd00000,0x0000004afce00000) (1024K)]
  0x000001716ad93120 WorkerThread "G1 Conc#0"                       [id=7468, stack(0x0000004afce00000,0x0000004afcf00000) (1024K)]

[error occurred during error reporting (printing all threads), id 0xc0000005, EXCEPTION_ACCESS_VIOLATION (0xc0000005) at pc=0x00007ff809004c2a]
VM state: not at safepoint (not fully initialized)

VM Mutex/Monitor currently owned by a thread:  ([mutex/lock_event])
[0x00007ff8099a9628] Heap_lock - owner thread: 0x000001716ad0f6c0

Heap address: 0x0000000707400000, size: 3980 MB, Compressed Oops mode: Zero based, Oop shift amount: 3

CDS archive(s) mapped at: [0x0000000000000000-0x0000000000000000-0x0000000000000000), size 0, SharedBaseAddress: 0x0000000800000000, ArchiveRelocationMode: 1.
UseCompressedClassPointers 1, UseCompactObjectHeaders 0
Narrow klass pointer bits 32, Max shift 3
Narrow klass base: 0xffffffffffffffff, Narrow klass shift: -1
Encoding Range: [0xffffffffffffffff - 0x000000007fffffff), (2147483648 bytes)
Klass Range:    [0x0000000000000000 - 0x0000000000000000), (0 bytes)
Klass ID Range:  [4294967295 - 0) (1)
No protection zone.

GC Precious Log:
 CardTable entry size: 512
 Card Set container configuration: InlinePtr #cards 4 size 8 Array Of Cards #cards 16 size 48 Howl #buckets 8 coarsen threshold 3686 Howl Bitmap #cards 512 size 80 coarsen threshold 460 Card regions per heap region 1 cards per card region 4096

Heap:
 garbage-first heap   total reserved 4075520K, committed 0K, used 0K [0x0000000707400000, 0x0000000800000000)
  region size 2048K, 0 young (0K), 0 survivors (0K)

Heap Regions: E=young(eden), S=young(survivor), O=old, HS=humongous(starts), HC=humongous(continues), CS=collection set, F=free, TAMS=top-at-mark-start, PB=parsable bottom

Card table byte_map: [0x00000171743c0000,0x0000017174b90000] _byte_map_base: 0x0000017170b86000

Marking Bits: (CMBitMap*) 0x000001716ad79830
 Bits: [0x0000017174b90000, 0x00000171789c0000)

GC Heap Usage History (0 events):
No events

Metaspace Usage History (0 events):
No events

Dll operation events (1 events):
Event: 0.009 Loaded shared library C:\Users\hrano\.jdks\openjdk-25\bin\java.dll

Deoptimization events (0 events):
No events

Classes loaded (0 events):
No events

Classes unloaded (0 events):
No events

Classes redefined (0 events):
No events

Internal exceptions (0 events):
No events

VM Operations (0 events):
No events

Memory protections (0 events):
No events

Nmethod flushes (0 events):
No events

Events (0 events):
No events


Dynamic libraries:
0x00007ff7ccce0000 - 0x00007ff7cccee000 	C:\Users\hrano\.jdks\openjdk-25\bin\java.exe
0x00007ff8718c0000 - 0x00007ff871b28000 	C:\WINDOWS\SYSTEM32\ntdll.dll
0x00007ff86ffd0000 - 0x00007ff870099000 	C:\WINDOWS\System32\KERNEL32.DLL
0x00007ff86ecc0000 - 0x00007ff86f0b8000 	C:\WINDOWS\System32\KERNELBASE.dll
0x00007ff86f360000 - 0x00007ff86f4ab000 	C:\WINDOWS\System32\ucrtbase.dll
0x00007ff859770000 - 0x00007ff859787000 	C:\Users\hrano\.jdks\openjdk-25\bin\jli.dll
0x00007ff85bf70000 - 0x00007ff85bf8e000 	C:\Users\hrano\.jdks\openjdk-25\bin\VCRUNTIME140.dll
0x00007ff86fa70000 - 0x00007ff86fc37000 	C:\WINDOWS\System32\USER32.dll
0x00007ff84fcb0000 - 0x00007ff84ff44000 	C:\WINDOWS\WinSxS\amd64_microsoft.windows.common-controls_6595b64144ccf1df_6.0.26100.7019_none_3e06ffa0e335b8a8\COMCTL32.dll
0x00007ff86f630000 - 0x00007ff86f657000 	C:\WINDOWS\System32\win32u.dll
0x00007ff86fc40000 - 0x00007ff86fc6b000 	C:\WINDOWS\System32\GDI32.dll
0x00007ff871780000 - 0x00007ff871829000 	C:\WINDOWS\System32\msvcrt.dll
0x00007ff86f0c0000 - 0x00007ff86f1ec000 	C:\WINDOWS\System32\gdi32full.dll
0x00007ff86ec10000 - 0x00007ff86ecb3000 	C:\WINDOWS\System32\msvcp_win.dll
0x00007ff871840000 - 0x00007ff871871000 	C:\WINDOWS\System32\IMM32.DLL
0x00007ff85a590000 - 0x00007ff85a59c000 	C:\Users\hrano\.jdks\openjdk-25\bin\vcruntime140_1.dll
0x00007ff84c5f0000 - 0x00007ff84c67d000 	C:\Users\hrano\.jdks\openjdk-25\bin\msvcp140.dll
0x00007ff808c30000 - 0x00007ff809a8f000 	C:\Users\hrano\.jdks\openjdk-25\bin\server\jvm.dll
0x00007ff8716a0000 - 0x00007ff871754000 	C:\WINDOWS\System32\ADVAPI32.dll
0x00007ff8700a0000 - 0x00007ff870146000 	C:\WINDOWS\System32\sechost.dll
0x00007ff8701d0000 - 0x00007ff8702e8000 	C:\WINDOWS\System32\RPCRT4.dll
0x00007ff86fc80000 - 0x00007ff86fcf4000 	C:\WINDOWS\System32\WS2_32.dll
0x00007ff86e890000 - 0x00007ff86e8ee000 	C:\WINDOWS\SYSTEM32\POWRPROF.dll
0x00007ff867970000 - 0x00007ff8679a5000 	C:\WINDOWS\SYSTEM32\WINMM.dll
0x00007ff8686e0000 - 0x00007ff8686eb000 	C:\WINDOWS\SYSTEM32\VERSION.dll
0x00007ff86e870000 - 0x00007ff86e884000 	C:\WINDOWS\SYSTEM32\UMPDC.dll
0x00007ff86d6f0000 - 0x00007ff86d70b000 	C:\WINDOWS\SYSTEM32\kernel.appcore.dll
0x00007ff859ef0000 - 0x00007ff859efa000 	C:\Users\hrano\.jdks\openjdk-25\bin\jimage.dll
0x00007ff864170000 - 0x00007ff8643b2000 	C:\WINDOWS\SYSTEM32\DBGHELP.DLL
0x00007ff871130000 - 0x00007ff8714bb000 	C:\WINDOWS\System32\combase.dll
0x00007ff86fd00000 - 0x00007ff86fdd7000 	C:\WINDOWS\System32\OLEAUT32.dll
0x00007ff861e80000 - 0x00007ff861ebc000 	C:\WINDOWS\SYSTEM32\dbgcore.DLL
0x00007ff86f1f0000 - 0x00007ff86f295000 	C:\WINDOWS\System32\bcryptPrimitives.dll
0x00007ff859650000 - 0x00007ff859660000 	C:\Users\hrano\.jdks\openjdk-25\bin\instrument.dll
0x00007ff858990000 - 0x00007ff8589af000 	C:\Users\hrano\.jdks\openjdk-25\bin\java.dll
0x00007ff86f750000 - 0x00007ff86f8e7000 	C:\WINDOWS\System32\ole32.dll
0x00007ff870960000 - 0x00007ff8710b1000 	C:\WINDOWS\System32\SHELL32.dll
0x00007ff86eaa0000 - 0x00007ff86ec0b000 	C:\WINDOWS\System32\wintypes.dll

JVMTI agents:
D:\Program Files\JetBrains\IntelliJ IDEA Community Edition 2025.2.4\lib\idea_rt.jar path:none, loaded, not initialized, instrumentlib options:50924

dbghelp: loaded successfully - version: 4.0.5 - missing functions: none
symbol engine: initialized successfully - sym options: 0x614 - pdb path: .;C:\Users\hrano\.jdks\openjdk-25\bin;C:\WINDOWS\SYSTEM32;C:\WINDOWS\WinSxS\amd64_microsoft.windows.common-controls_6595b64144ccf1df_6.0.26100.7019_none_3e06ffa0e335b8a8;C:\Users\hrano\.jdks\openjdk-25\bin\server

VM Arguments:
jvm_args: -javaagent:D:\Program Files\JetBrains\IntelliJ IDEA Community Edition 2025.2.4\lib\idea_rt.jar=50924 -Dfile.encoding=UTF-8 -Dsun.stdout.encoding=UTF-8 -Dsun.stderr.encoding=UTF-8 
java_command: com.salo.sistemacreche.Launcher
java_class_path (initial): C:\Users\hrano\OneDrive\Área de Trabalho\vscode\Java\SistemaCreche\target\classes;C:\Users\hrano\.m2\repository\org\openjfx\javafx-controls\21.0.6\javafx-controls-21.0.6.jar;C:\Users\hrano\.m2\repository\org\openjfx\javafx-controls\21.0.6\javafx-controls-21.0.6-win.jar;C:\Users\hrano\.m2\repository\org\openjfx\javafx-graphics\21.0.6\javafx-graphics-21.0.6.jar;C:\Users\hrano\.m2\repository\org\openjfx\javafx-graphics\21.0.6\javafx-graphics-21.0.6-win.jar;C:\Users\hrano\.m2\repository\org\openjfx\javafx-base\21.0.6\javafx-base-21.0.6.jar;C:\Users\hrano\.m2\repository\org\openjfx\javafx-base\21.0.6\javafx-base-21.0.6-win.jar;C:\Users\hrano\.m2\repository\org\openjfx\javafx-fxml\21.0.6\javafx-fxml-21.0.6.jar;C:\Users\hrano\.m2\repository\org\openjfx\javafx-fxml\21.0.6\javafx-fxml-21.0.6-win.jar;C:\Users\hrano\.m2\repository\org\hibernate\orm\hibernate-core\6.4.4.Final\hibernate-core-6.4.4.Final.jar;C:\Users\hrano\.m2\repository\jakarta\persistence\jakarta.persistence-api\3.1.0\jakarta.persistence-api-3.1.0.jar;C:\Users\hrano\.m2\repository\jakarta\transaction\jakarta.transaction-api\2.0.1\jakarta.transaction-api-2.0.1.jar;C:\Users\hrano\.m2\repository\org\jboss\logging\jboss-logging\3.5.0.Final\jboss-logging-3.5.0.Final.jar;C:\Users\hrano\.m2\repository\org\hibernate\common\hibernate-commons-annotations\6.0.6.Final\hibernate-commons-annotations-6.0.6.Final.jar;C:\Users\hrano\.m2\repository\io\smallrye\jandex\3.1.2\jandex-3.1.2.jar;C:\Users\hrano\.m2\repository\com\fasterxml\classmate\1.5.1\classmate-1.5.1.jar;C:\Users\hrano\.m2\repository\net\bytebuddy\byte-buddy\1.14.11\byte-buddy-1.14.11.jar;C:\Users\hrano\.m2\repository\jakarta\xml\bind\jakarta.xml.bind-api\4.0.0\jakarta.xml.bind-api-4.0.0.jar;C:\Users\hrano\.m2\repository\jakarta\activation\jakarta.activation-api\2.1.0\jakarta.activation-api-2.1.0.jar;C:\Users\hrano\.m2\repository\org\glassfish\jaxb\jaxb-runtime\4.0.2\jaxb-runtime-4.0.2.jar;C:\Users\hrano\.m2\repository\org\glassfish\jaxb\jaxb-core\4.0.2\jaxb-core-4.0.2.jar;C:\Users\hrano\.m2\repository\org\eclipse\angus\angus-activation\2.0.0\angus-activation-2.0.0.jar;C:\Users\hrano\.m2\repository\org\glassfish\jaxb\txw2\4.0.2\txw2-4.0.2.jar;C:\Users\hrano\.m2\repository\com\sun\istack\istack-commons-runtime\4.1.1\istack-commons-runtime-4.1.1.jar;C:\Users\hrano\.m2\repository\jakarta\inject\jakarta.inject-api\2.0.1\jakarta.inject-api-2.0.1.jar;C:\Users\hrano\.m2\repository\org\antlr\antlr4-runtime\4.13.0\antlr4-runtime-4.13.0.jar;C:\Users\hrano\.m2\repository\com\mysql\mysql-connector-j\8.0.33\mysql-connector-j-8.0.33.jar;C:\Users\hrano\.m2\repository\com\google\protobuf\protobuf-java\3.21.9\protobuf-java-3.21.9.jar
Launcher Type: SUN_STANDARD

[Global flags]
     intx CICompilerCount                          = 4                                         {product} {ergonomic}
     uint ConcGCThreads                            = 3                                         {product} {ergonomic}
     uint G1ConcRefinementThreads                  = 10                                        {product} {ergonomic}
   size_t G1HeapRegionSize                         = 2097152                                   {product} {ergonomic}
   size_t InitialHeapSize                          = 262144000                                 {product} {ergonomic}
   size_t MarkStackSize                            = 4194304                                   {product} {ergonomic}
   size_t MarkStackSizeMax                         = 536870912                                 {product} {ergonomic}
   size_t MaxHeapSize                              = 4173332480                                {product} {ergonomic}
   size_t MinHeapDeltaBytes                        = 2097152                                   {product} {ergonomic}
   size_t MinHeapSize                              = 8388608                                   {product} {ergonomic}
    uintx NonNMethodCodeHeapSize                   = 5832704                                {pd product} {ergonomic}
    uintx NonProfiledCodeHeapSize                  = 122945536                              {pd product} {ergonomic}
    uintx ProfiledCodeHeapSize                     = 122880000                              {pd product} {ergonomic}
    uintx ReservedCodeCacheSize                    = 251658240                              {pd product} {ergonomic}
     bool SegmentedCodeCache                       = true                                      {product} {ergonomic}
   size_t SoftMaxHeapSize                          = 4173332480                             {manageable} {ergonomic}
     bool UseCompressedOops                        = true                           {product lp64_product} {ergonomic}
     bool UseG1GC                                  = true                                      {product} {ergonomic}
     bool UseLargePagesIndividualAllocation        = false                                  {pd product} {ergonomic}

Logging:
Log output configuration:
 #0: stdout all=warning uptime,level,tags foldmultilines=false
 #1: stderr all=off uptime,level,tags foldmultilines=false

Release file:
<release file has not been read>
Environment Variables:
JAVA_HOME=C:\Users\hrano\.jdks\openjdk-25
PATH=C:\Program Files\Common Files\Oracle\Java\javapath;C:\Program Files (x86)\Common Files\Oracle\Java\java8path;C:\Program Files (x86)\Common Files\Oracle\Java\javapath;C:\WINDOWS\system32;C:\WINDOWS;C:\WINDOWS\System32\Wbem;C:\WINDOWS\System32\WindowsPowerShell\v1.0\;C:\WINDOWS\System32\OpenSSH\;C:\Program Files\dotnet\;C:\Program Files\nodejs\;C:\Program Files\Git\cmd;C:\Gradle\gradle-7.6.3\bin;C:\Android\Sdk\build-tools;C:\Android\Sdk\platform-tools;C:\Users\hrano\.jdks\openjdk-25\bin;C:\flutter\bin;C:\Android\Sdk\cmdline-tools\latest\bin;C:\Program Files\apache-maven-3.9.11\bin;D:\Users\hrano\AppData\Local\Programs\Python\Python313\Scripts\;D:\Users\hrano\AppData\Local\Programs\Python\Python313\;C:\Users\hrano\AppData\Local\Microsoft\WindowsApps;D:\Users\hrano\AppData\Local\Programs\Microsoft VS Code\bin;C:\Users\hrano\AppData\Roaming\Microsoft\Windows\Start Menu\Programs\Python 3.13;C:\ProgramData\Microsoft\Windows\Start Menu\Programs\Node.js;C:\Users\hrano\AppData\Local\Microsoft\WinGet\Links;C:\Users\hrano\AppData\Roaming\npm;C:\Users\hrano\AppData\Local\GitHubDesktop\bin;D:\Program Files\JetBrains\IntelliJ IDEA Community Edition 2025.2.4\bin
USERNAME=Mathias
OS=Windows_NT
PROCESSOR_IDENTIFIER=AMD64 Family 25 Model 80 Stepping 0, AuthenticAMD
TMP=C:\Users\hrano\AppData\Local\Temp
TEMP=C:\Users\hrano\AppData\Local\Temp




Compilation memory statistics disabled.

Periodic native trim disabled

---------------  S Y S T E M  ---------------

OS:
 Windows 11 , 64 bit Build 26100 (10.0.26100.7019)
OS uptime: 0 days 2:20 hours
Hyper-V role detected

CPU: total 12 (initial active 12) (12 cores per cpu, 2 threads per core) family 25 model 80 stepping 0 microcode 0xa50000d, cx8, cmov, fxsr, ht, mmx, 3dnowpref, sse, sse2, sse3, ssse3, sse4a, sse4.1, sse4.2, popcnt, lzcnt, tsc, tscinvbit, avx, avx2, aes, erms, clmul, bmi1, bmi2, adx, sha, fma, vzeroupper, clflush, clflushopt, clwb, hv, rdtscp, rdpid, fsrm, f16c, cet_ss
Processor Information for the first 12 processors :
  Max Mhz: 3901, Current Mhz: 3901, Mhz Limit: 3901

Memory: 4k page, system-wide physical 15919M (2144M free)
TotalPageFile size 17967M (AvailPageFile size 111M)
current process WorkingSet (physical memory assigned to process): 14M, peak: 14M
current process commit charge ("private bytes"): 65M, peak: 315M

vm_info: OpenJDK 64-Bit Server VM (25+36-3489) for windows-amd64 JRE (25+36-3489), built on 2025-08-12T17:19:28Z with unknown MS VC++:1943

END.
